<?xml version="1.0" encoding="UTF-8"?>
<testsuite xmlns:xsi="http://www.w3.org/2001/XMLSchema-instance" xsi:noNamespaceSchemaLocation="https://maven.apache.org/surefire/maven-surefire-plugin/xsd/surefire-test-report.xsd" name="org.kurento.orion.connector.integration.test.OrionConnectorTest" time="1.934" tests="6" errors="0" skipped="0" failures="0">
  <properties>
[...]
</properties>
  <testcase name="testConnectionAndEntities" classname="org.kurento.orion.connector.integration.test.OrionConnectorTest" time="0.676"/>
  <testcase name="testCountEntities" classname="org.kurento.orion.connector.integration.test.OrionConnectorTest" time="0.007"/>
  <testcase name="testUpdateEntity" classname="org.kurento.orion.connector.integration.test.OrionConnectorTest" time="0.901"/>
  <testcase name="testDeleteEntity" classname="org.kurento.orion.connector.integration.test.OrionConnectorTest" time="0.026"/>
  <testcase name="testCreateNewEntityAndEntityList" classname="org.kurento.orion.connector.integration.test.OrionConnectorTest" time="0.015"/>
  <testcase name="testCreateNewEntityAndRetrieveEntity" classname="org.kurento.orion.connector.integration.test.OrionConnectorTest" time="0.007"/>
</testsuite>